[debug] [2017-07-19T19:12:20.560Z] ----------------------------------------------------------------------
[debug] [2017-07-19T19:12:20.565Z] Command:      /usr/local/Cellar/node/7.10.0/bin/node /usr/local/bin/firebase serve
[debug] [2017-07-19T19:12:20.566Z] CLI Version:  3.9.1
[debug] [2017-07-19T19:12:20.567Z] Platform:     darwin
[debug] [2017-07-19T19:12:20.567Z] Node Version: v7.10.0
[debug] [2017-07-19T19:12:20.568Z] Time:         Wed Jul 19 2017 13:12:20 GMT-0600 (MDT)
[debug] [2017-07-19T19:12:20.568Z] ----------------------------------------------------------------------
[debug] 
[debug] [2017-07-19T19:12:20.613Z] > command requires scopes: ["email","openid","https://www.googleapis.com/auth/cloudplatformprojects.readonly","https://www.googleapis.com/auth/firebase","https://www.googleapis.com/auth/cloud-platform"]
[debug] [2017-07-19T19:12:20.613Z] > authorizing via signed-in user
[debug] [2017-07-19T19:12:20.617Z] > refreshing access token with scopes: ["email","https://www.googleapis.com/auth/cloud-platform","https://www.googleapis.com/auth/cloudplatformprojects.readonly","https://www.googleapis.com/auth/firebase","openid"]
[debug] [2017-07-19T19:12:20.617Z] >>> HTTP REQUEST POST https://www.googleapis.com/oauth2/v3/token { refresh_token: '1/mS7EiHMRRCa9qkLXPVJC_TBczkn3M2R2p36Ge_LUMBRSCRdgVrSLC1Ez5aZ2XkK3',
  client_id: '563584335869-fgrhgmd47bqnekij5i8b5pr03ho849e6.apps.googleusercontent.com',
  client_secret: 'j9iVZfS8kkCEFUPaAeJV0sAi',
  grant_type: 'refresh_token',
  scope: 'email https://www.googleapis.com/auth/cloud-platform https://www.googleapis.com/auth/cloudplatformprojects.readonly https://www.googleapis.com/auth/firebase openid' } 
 Wed Jul 19 2017 13:12:20 GMT-0600 (MDT)
[debug] [2017-07-19T19:12:20.931Z] <<< HTTP RESPONSE 200
[debug] [2017-07-19T19:12:20.946Z] >>> HTTP REQUEST GET https://admin.firebase.com/v1/projects/drinktemp-7158f  
 Wed Jul 19 2017 13:12:20 GMT-0600 (MDT)
[debug] [2017-07-19T19:12:21.397Z] <<< HTTP RESPONSE 200
[debug] [2017-07-19T19:12:21.398Z] >>> HTTP REQUEST GET https://admin.firebase.com/v1/database/drinktemp-7158f/tokens  
 Wed Jul 19 2017 13:12:21 GMT-0600 (MDT)
[debug] [2017-07-19T19:12:21.739Z] <<< HTTP RESPONSE 200
[info] 
[info] === Serving from '/Users/user/Desktop/G43-Class-Projects/WineHeater'...
[info] 
[debug] [2017-07-19T19:12:21.743Z] >>> HTTP REQUEST GET https://cloudresourcemanager.googleapis.com/v1/projects/drinktemp-7158f  
 Wed Jul 19 2017 13:12:21 GMT-0600 (MDT)
[debug] [2017-07-19T19:12:22.179Z] <<< HTTP RESPONSE 200
[debug] [2017-07-19T19:12:22.180Z] >>> HTTP REQUEST GET https://mobilesdk-pa.googleapis.com/v1/projects/142724979802/clients/_:getWebAppConfig  
 Wed Jul 19 2017 13:12:22 GMT-0600 (MDT)
[debug] [2017-07-19T19:12:22.792Z] <<< HTTP RESPONSE 200
[info] i  hosting: Serving hosting files from: public
[info] ✔  hosting: Local server: http://localhost:5000

